#
# A fatal error has been detected by the Java Runtime Environment:
#
#  Internal Error (javaCalls.cpp:51), pid=17168, tid=0x00000000000023d0
#  guarantee(thread->is_Java_thread()) failed: crucial check - the VM thread cannot and must not escape to Java code
#
# JRE version: Java(TM) SE Runtime Environment (8.0_361) (build 1.8.0_361-b09)
# Java VM: Java HotSpot(TM) 64-Bit Server VM (25.361-b09 mixed mode windows-amd64 compressed oops)
# Failed to write core dump. Minidumps are not enabled by default on client versions of Windows
#
# If you would like to submit a bug report, please visit:
#   http://bugreport.java.com/bugreport/crash.jsp
#

---------------  T H R E A D  ---------------

Current thread (0x0000025829443800):  VMThread [stack: 0x0000009955b00000,0x0000009955c00000] [id=9168]

Stack: [0x0000009955b00000,0x0000009955c00000]
[error occurred during error reporting (printing stack bounds), id 0xc0000005]

Native frames: (J=compiled Java code, j=interpreted, Vv=VM code, C=native code)
V  [jvm.dll+0x3317a9]
V  [jvm.dll+0x277c4e]
V  [jvm.dll+0x27888d]
V  [jvm.dll+0x296ab6]
V  [jvm.dll+0x297790]
V  [jvm.dll+0x331408]
C  [ntdll.dll+0xa221f]
C  [ntdll.dll+0x514b4]
C  [ntdll.dll+0xa0d2e]
C  0x000002580e170b4a

VM_Operation (0x00000099560ff770): GetOrSetLocal, mode: safepoint, requested by thread 0x00000258294d8000


---------------  P R O C E S S  ---------------

Java Threads: ( => current thread )
  0x000002582e636800 JavaThread "Java2D Disposer" daemon [_thread_blocked, id=12148, stack(0x0000009957800000,0x0000009957900000)]
  0x000002582e632000 JavaThread "logback-4" daemon [_thread_blocked, id=17220, stack(0x0000009954900000,0x0000009954a00000)]
  0x000002582e636000 JavaThread "crmeb-scheduled-task-pool-30" [_thread_blocked, id=19300, stack(0x0000009954800000,0x0000009954900000)]
  0x000002582e635000 JavaThread "crmeb-scheduled-task-pool-29" [_thread_blocked, id=11524, stack(0x000000995cc00000,0x000000995cd00000)]
  0x000002582e638000 JavaThread "crmeb-scheduled-task-pool-28" [_thread_blocked, id=11672, stack(0x000000995cb00000,0x000000995cc00000)]
  0x000002582e634800 JavaThread "crmeb-scheduled-task-pool-27" [_thread_blocked, id=7488, stack(0x000000995ca00000,0x000000995cb00000)]
  0x0000025830dab000 JavaThread "crmeb-scheduled-task-pool-26" [_thread_blocked, id=8892, stack(0x000000995c900000,0x000000995ca00000)]
  0x0000025830da9800 JavaThread "Druid-ConnectionPool-Destroy-1342061890" daemon [_thread_blocked, id=7352, stack(0x000000995c800000,0x000000995c900000)]
  0x0000025830daa800 JavaThread "Druid-ConnectionPool-Create-1342061890" daemon [_thread_blocked, id=12980, stack(0x000000995c700000,0x000000995c800000)]
  0x0000025830da9000 JavaThread "mysql-cj-abandoned-connection-cleanup" daemon [_thread_blocked, id=19844, stack(0x000000995c600000,0x000000995c700000)]
  0x0000025830da8000 JavaThread "DestroyJavaVM" [_thread_blocked, id=10656, stack(0x0000009954b00000,0x0000009954c00000)]
  0x0000025830da7800 JavaThread "crmeb-scheduled-task-pool-25" [_thread_blocked, id=6524, stack(0x000000995c500000,0x000000995c600000)]
  0x0000025830da6800 JavaThread "crmeb-scheduled-task-pool-24" [_thread_blocked, id=15960, stack(0x000000995c400000,0x000000995c500000)]
  0x0000025830d9f000 JavaThread "crmeb-scheduled-task-pool-21" [_thread_blocked, id=3712, stack(0x000000995c300000,0x000000995c400000)]
  0x0000025830da6000 JavaThread "crmeb-scheduled-task-pool-23" [_thread_blocked, id=18744, stack(0x000000995c200000,0x000000995c300000)]
  0x0000025830da5000 JavaThread "crmeb-scheduled-task-pool-22" [_thread_blocked, id=11916, stack(0x000000995c100000,0x000000995c200000)]
  0x0000025830da4800 JavaThread "crmeb-scheduled-task-pool-18" [_thread_blocked, id=13000, stack(0x000000995c000000,0x000000995c100000)]
  0x0000025830d9d800 JavaThread "crmeb-scheduled-task-pool-19" [_thread_blocked, id=2200, stack(0x000000995bf00000,0x000000995c000000)]
  0x0000025830da0800 JavaThread "crmeb-scheduled-task-pool-17" [_thread_blocked, id=10344, stack(0x000000995be00000,0x000000995bf00000)]
  0x0000025830da3800 JavaThread "crmeb-scheduled-task-pool-20" [_thread_blocked, id=22164, stack(0x000000995bd00000,0x000000995be00000)]
  0x0000025830d9e800 JavaThread "http-nio-8081-Acceptor" daemon [_thread_in_native, id=17508, stack(0x000000995bc00000,0x000000995bd00000)]
  0x0000025830d9c000 JavaThread "http-nio-8081-ClientPoller" daemon [_thread_in_native, id=11892, stack(0x000000995bb00000,0x000000995bc00000)]
  0x0000025830d9d000 JavaThread "http-nio-8081-exec-30" daemon [_thread_blocked, id=16296, stack(0x000000995ba00000,0x000000995bb00000)]
  0x0000025830da0000 JavaThread "http-nio-8081-exec-29" daemon [_thread_blocked, id=21980, stack(0x000000995b900000,0x000000995ba00000)]
  0x0000025830da3000 JavaThread "http-nio-8081-exec-28" daemon [_thread_blocked, id=14460, stack(0x000000995b800000,0x000000995b900000)]
  0x0000025830da2000 JavaThread "http-nio-8081-exec-27" daemon [_thread_blocked, id=11388, stack(0x000000995b700000,0x000000995b800000)]
  0x0000025830da1800 JavaThread "http-nio-8081-exec-26" daemon [_thread_blocked, id=18228, stack(0x000000995b600000,0x000000995b700000)]
  0x0000025830d44800 JavaThread "http-nio-8081-exec-25" daemon [_thread_blocked, id=14064, stack(0x000000995b500000,0x000000995b600000)]
  0x0000025830d46800 JavaThread "http-nio-8081-exec-24" daemon [_thread_blocked, id=19540, stack(0x000000995b400000,0x000000995b500000)]
  0x0000025830d46000 JavaThread "http-nio-8081-exec-23" daemon [_thread_blocked, id=11752, stack(0x000000995b300000,0x000000995b400000)]
  0x0000025830d45000 JavaThread "http-nio-8081-exec-22" daemon [_thread_blocked, id=12668, stack(0x000000995b200000,0x000000995b300000)]
  0x0000025830d43800 JavaThread "http-nio-8081-exec-21" daemon [_thread_blocked, id=8464, stack(0x000000995b100000,0x000000995b200000)]
  0x0000025830d43000 JavaThread "http-nio-8081-exec-20" daemon [_thread_blocked, id=8912, stack(0x000000995b000000,0x000000995b100000)]
  0x0000025830d3b800 JavaThread "http-nio-8081-exec-19" daemon [_thread_blocked, id=18088, stack(0x000000995af00000,0x000000995b000000)]
  0x0000025830d42000 JavaThread "http-nio-8081-exec-18" daemon [_thread_blocked, id=16832, stack(0x000000995ae00000,0x000000995af00000)]
  0x0000025830d41800 JavaThread "http-nio-8081-exec-17" daemon [_thread_blocked, id=17156, stack(0x000000995ad00000,0x000000995ae00000)]
  0x0000025830d40800 JavaThread "http-nio-8081-exec-16" daemon [_thread_blocked, id=20844, stack(0x000000995ac00000,0x000000995ad00000)]
  0x0000025830d40000 JavaThread "http-nio-8081-exec-15" daemon [_thread_blocked, id=8052, stack(0x000000995ab00000,0x000000995ac00000)]
  0x0000025830d3f000 JavaThread "http-nio-8081-exec-14" daemon [_thread_blocked, id=9760, stack(0x000000995aa00000,0x000000995ab00000)]
  0x0000025830d37800 JavaThread "http-nio-8081-exec-13" daemon [_thread_blocked, id=5776, stack(0x000000995a900000,0x000000995aa00000)]
  0x0000025830d3a800 JavaThread "http-nio-8081-exec-12" daemon [_thread_blocked, id=8368, stack(0x000000995a800000,0x000000995a900000)]
  0x0000025830d3a000 JavaThread "http-nio-8081-exec-11" daemon [_thread_blocked, id=11904, stack(0x000000995a700000,0x000000995a800000)]
  0x0000025830d3e800 JavaThread "http-nio-8081-exec-10" daemon [_thread_blocked, id=8056, stack(0x000000995a600000,0x000000995a700000)]
  0x0000025830d39000 JavaThread "http-nio-8081-exec-9" daemon [_thread_blocked, id=5572, stack(0x000000995a500000,0x000000995a600000)]
  0x0000025830d3d800 JavaThread "http-nio-8081-exec-8" daemon [_thread_blocked, id=5256, stack(0x000000995a400000,0x000000995a500000)]
  0x0000025830d38800 JavaThread "http-nio-8081-exec-7" daemon [_thread_blocked, id=3332, stack(0x000000995a300000,0x000000995a400000)]
  0x0000025830d3d000 JavaThread "http-nio-8081-exec-6" daemon [_thread_blocked, id=12324, stack(0x000000995a200000,0x000000995a300000)]
  0x0000025830d3c000 JavaThread "http-nio-8081-exec-5" daemon [_thread_blocked, id=16116, stack(0x000000995a100000,0x000000995a200000)]
  0x0000025830c45000 JavaThread "http-nio-8081-exec-4" daemon [_thread_blocked, id=21212, stack(0x000000995a000000,0x000000995a100000)]
  0x0000025830c44000 JavaThread "http-nio-8081-exec-3" daemon [_thread_blocked, id=10832, stack(0x0000009959f00000,0x000000995a000000)]
  0x0000025830c43800 JavaThread "http-nio-8081-exec-2" daemon [_thread_blocked, id=15160, stack(0x0000009959e00000,0x0000009959f00000)]
  0x0000025830c42800 JavaThread "http-nio-8081-exec-1" daemon [_thread_blocked, id=11900, stack(0x0000009959d00000,0x0000009959e00000)]
  0x0000025830c41000 JavaThread "http-nio-8081-BlockPoller" daemon [_thread_in_native, id=11272, stack(0x0000009959c00000,0x0000009959d00000)]
  0x0000025830c40800 JavaThread "crmeb-scheduled-task-pool-16" [_thread_blocked, id=11244, stack(0x0000009959a00000,0x0000009959b00000)]
  0x0000025830c42000 JavaThread "crmeb-scheduled-task-pool-15" [_thread_blocked, id=11240, stack(0x0000009959900000,0x0000009959a00000)]
  0x0000025830c38800 JavaThread "crmeb-scheduled-task-pool-14" [_thread_blocked, id=11248, stack(0x0000009959800000,0x0000009959900000)]
  0x0000025830c3f800 JavaThread "crmeb-scheduled-task-pool-13" [_thread_blocked, id=6872, stack(0x0000009959700000,0x0000009959800000)]
  0x0000025830c3e800 JavaThread "crmeb-scheduled-task-pool-12" [_thread_blocked, id=22076, stack(0x0000009959600000,0x0000009959700000)]
  0x0000025830c37000 JavaThread "crmeb-scheduled-task-pool-11" [_thread_blocked, id=9868, stack(0x0000009959500000,0x0000009959600000)]
  0x0000025830c3e000 JavaThread "crmeb-scheduled-task-pool-10" [_thread_blocked, id=9872, stack(0x0000009959400000,0x0000009959500000)]
  0x0000025830c3d000 JavaThread "crmeb-scheduled-task-pool-9" [_thread_blocked, id=10192, stack(0x0000009959300000,0x0000009959400000)]
  0x0000025830c35800 JavaThread "crmeb-scheduled-task-pool-8" [_thread_blocked, id=7984, stack(0x0000009959200000,0x0000009959300000)]
  0x0000025830c3c800 JavaThread "crmeb-scheduled-task-pool-7" [_thread_blocked, id=8232, stack(0x0000009959100000,0x0000009959200000)]
  0x0000025830c36800 JavaThread "crmeb-scheduled-task-pool-6" [_thread_blocked, id=11020, stack(0x0000009959000000,0x0000009959100000)]
  0x0000025830c3b800 JavaThread "crmeb-scheduled-task-pool-5" [_thread_blocked, id=11124, stack(0x0000009958f00000,0x0000009959000000)]
  0x0000025830c3b000 JavaThread "crmeb-scheduled-task-pool-4" [_thread_blocked, id=11120, stack(0x0000009958e00000,0x0000009958f00000)]
  0x0000025830c3a000 JavaThread "crmeb-scheduled-task-pool-3" [_thread_blocked, id=11116, stack(0x0000009958d00000,0x0000009958e00000)]
  0x0000025830c38000 JavaThread "crmeb-scheduled-task-pool-2" [_thread_blocked, id=11112, stack(0x0000009958c00000,0x0000009958d00000)]
  0x0000025830c39800 JavaThread "crmeb-scheduled-task-pool-1" [_thread_blocked, id=11108, stack(0x0000009958b00000,0x0000009958c00000)]
  0x000002582e45e000 JavaThread "lettuce-eventExecutorLoop-1-1" daemon [_thread_blocked, id=11096, stack(0x0000009958900000,0x0000009958a00000)]
  0x000002582e2b6800 JavaThread "container-0" [_thread_blocked, id=5676, stack(0x0000009957700000,0x0000009957800000)]
  0x000002582e2b6000 JavaThread "Catalina-utility-2" [_thread_blocked, id=20248, stack(0x0000009957600000,0x0000009957700000)]
  0x000002582e2b4800 JavaThread "Catalina-utility-1" [_thread_blocked, id=6004, stack(0x0000009957500000,0x0000009957600000)]
  0x000002582db86000 JavaThread "logback-3" daemon [_thread_blocked, id=13372, stack(0x0000009957400000,0x0000009957500000)]
  0x000002582b373800 JavaThread "logback-2" daemon [_thread_blocked, id=5736, stack(0x0000009957300000,0x0000009957400000)]
  0x000002582bcfc800 JavaThread "logback-1" daemon [_thread_blocked, id=5700, stack(0x0000009957200000,0x0000009957300000)]
  0x000002582b973800 JavaThread "RMI TCP Accept-0" daemon [_thread_in_native, id=16688, stack(0x0000009957000000,0x0000009957100000)]
  0x00000258295e3800 JavaThread "Service Thread" daemon [_thread_blocked, id=11128, stack(0x0000009956f00000,0x0000009957000000)]
  0x0000025829526800 JavaThread "C1 CompilerThread11" daemon [_thread_blocked, id=20924, stack(0x0000009956e00000,0x0000009956f00000)]
  0x0000025829522800 JavaThread "C1 CompilerThread10" daemon [_thread_blocked, id=21680, stack(0x0000009956d00000,0x0000009956e00000)]
  0x0000025829525800 JavaThread "C1 CompilerThread9" daemon [_thread_blocked, id=9960, stack(0x0000009956c00000,0x0000009956d00000)]
  0x0000025829522000 JavaThread "C1 CompilerThread8" daemon [_thread_blocked, id=21408, stack(0x0000009956b00000,0x0000009956c00000)]
  0x0000025829527000 JavaThread "C2 CompilerThread7" daemon [_thread_blocked, id=20632, stack(0x0000009956a00000,0x0000009956b00000)]
  0x0000025829520800 JavaThread "C2 CompilerThread6" daemon [_thread_blocked, id=17808, stack(0x0000009956900000,0x0000009956a00000)]
  0x0000025829524000 JavaThread "C2 CompilerThread5" daemon [_thread_blocked, id=18388, stack(0x0000009956800000,0x0000009956900000)]
  0x0000025829525000 JavaThread "C2 CompilerThread4" daemon [_thread_blocked, id=9316, stack(0x0000009956700000,0x0000009956800000)]
  0x0000025829521000 JavaThread "C2 CompilerThread3" daemon [_thread_blocked, id=21180, stack(0x0000009956600000,0x0000009956700000)]
  0x000002582951d000 JavaThread "C2 CompilerThread2" daemon [_thread_blocked, id=5720, stack(0x0000009956500000,0x0000009956600000)]
  0x0000025829517800 JavaThread "C2 CompilerThread1" daemon [_thread_blocked, id=6036, stack(0x0000009956400000,0x0000009956500000)]
  0x0000025829514000 JavaThread "C2 CompilerThread0" daemon [_thread_blocked, id=13656, stack(0x0000009956300000,0x0000009956400000)]
  0x00000258294ea000 JavaThread "JDWP Command Reader" daemon [_thread_in_native, id=10068, stack(0x0000009956200000,0x0000009956300000)]
  0x00000258294e9000 JavaThread "JDWP Event Helper Thread" daemon [_thread_blocked, id=20996, stack(0x0000009956100000,0x0000009956200000)]
  0x00000258294d8000 JavaThread "JDWP Transport Listener: dt_socket" daemon [_thread_blocked, id=8452, stack(0x0000009956000000,0x0000009956100000)]
  0x00000258294be000 JavaThread "Attach Listener" daemon [_thread_blocked, id=1856, stack(0x0000009955f00000,0x0000009956000000)]
  0x00000258294d4000 JavaThread "Signal Dispatcher" daemon [_thread_blocked, id=3160, stack(0x0000009955e00000,0x0000009955f00000)]
  0x00000258275a3000 JavaThread "Finalizer" daemon [_thread_blocked, id=13360, stack(0x0000009955d00000,0x0000009955e00000)]
  0x0000025829465000 JavaThread "Reference Handler" daemon [_thread_blocked, id=7784, stack(0x0000009955c00000,0x0000009955d00000)]

Other Threads:
=>0x0000025829443800 VMThread [stack: 0x0000009955b00000,0x0000009955c00000] [id=9168]
  0x000002582b97f800 WatcherThread [stack: 0x0000009957100000,0x0000009957200000] [id=9092]

VM state:at safepoint (normal execution)

VM Mutex/Monitor currently owned by a thread:  ([mutex/lock_event])
[0x000002580c61d6e0] Threads_lock - owner thread: 0x0000025829443800

heap address: 0x00000006c3a00000, size: 4038 MB, Compressed Oops mode: Zero based, Oop shift amount: 3
Narrow klass base: 0x0000000000000000, Narrow klass shift: 3
Compressed class space size: 1073741824 Address: 0x00000007c0000000

Heap:
 PSYoungGen      total 736256K, used 534443K [0x000000076be00000, 0x00000007a5300000, 0x00000007c0000000)
  eden space 717824K, 71% used [0x000000076be00000,0x000000078b5ed460,0x0000000797b00000)
  from space 18432K, 99% used [0x0000000797b00000,0x0000000798cfd880,0x0000000798d00000)
  to   space 26624K, 0% used [0x00000007a3900000,0x00000007a3900000,0x00000007a5300000)
 ParOldGen       total 182784K, used 64196K [0x00000006c3a00000, 0x00000006cec80000, 0x000000076be00000)
  object space 182784K, 35% used [0x00000006c3a00000,0x00000006c78b1308,0x00000006cec80000)
 Metaspace       used 85082K, capacity 91870K, committed 92120K, reserved 1130496K
  class space    used 10420K, capacity 11459K, committed 11520K, reserved 1048576K

Card table byte_map: [0x000002581d530000,0x000002581dd20000] byte_map_base: 0x0000025819f13000

Marking Bits: (ParMarkBitMap*) 0x000000006449b090
 Begin Bits: [0x000002581e270000, 0x0000025822188000)
 End Bits:   [0x0000025822188000, 0x00000258260a0000)

Polling page: 0x000002580e140000

CodeCache: size=245760Kb used=29752Kb max_used=29752Kb free=216007Kb
 bounds [0x000002580e170000, 0x000002580fe90000, 0x000002581d170000]
 total_blobs=14661 nmethods=13929 adapters=647
 compilation: enabled

Compilation events (10 events):
Event: 858.160 Thread 0x0000025829526800 nmethod 14160 0x000002580fe6a450 code [0x000002580fe6a5e0, 0x000002580fe6a820]
Event: 858.161 Thread 0x0000025829525800 nmethod 14149 0x000002580fe6aa50 code [0x000002580fe6aea0, 0x000002580fe6c3d0]
Event: 858.161 Thread 0x0000025829522800 nmethod 14156 0x000002580fe6ea90 code [0x000002580fe6ede0, 0x000002580fe6fca0]
Event: 858.165 Thread 0x0000025829522000 nmethod 14153 0x000002580fe70f90 code [0x000002580fe71720, 0x000002580fe79100]
Event: 858.199 Thread 0x0000025829525800 14162       1       org.springframework.http.HttpStatus$Series::values (10 bytes)
Event: 858.199 Thread 0x0000025829526800 14161   !   1       org.springframework.boot.actuate.metrics.web.servlet.WebMvcTags::extractStatus (13 bytes)
Event: 858.199 Thread 0x0000025829526800 nmethod 14161 0x000002580fe81a50 code [0x000002580fe81bc0, 0x000002580fe81d40]
Event: 858.199 Thread 0x0000025829525800 nmethod 14162 0x000002580fe81e10 code [0x000002580fe81f80, 0x000002580fe820d0]
Event: 858.266 Thread 0x0000025829522800 14163       1       config.com.cshy.common.CrmebConfig::isAsyncConfig (5 bytes)
Event: 858.266 Thread 0x0000025829522800 nmethod 14163 0x000002580fe82150 code [0x000002580fe822a0, 0x000002580fe823b8]

GC Heap History (10 events):
Event: 12.838 GC heap before
{Heap before GC invocations=12 (full 2):
 PSYoungGen      total 375808K, used 374672K [0x000000076be00000, 0x000000078d080000, 0x00000007c0000000)
  eden space 358400K, 100% used [0x000000076be00000,0x0000000781c00000,0x0000000781c00000)
  from space 17408K, 93% used [0x0000000781c00000,0x0000000782be41c0,0x0000000782d00000)
  to   space 19456K, 0% used [0x000000078bd80000,0x000000078bd80000,0x000000078d080000)
 ParOldGen       total 116224K, used 19302K [0x00000006c3a00000, 0x00000006cab80000, 0x000000076be00000)
  object space 116224K, 16% used [0x00000006c3a00000,0x00000006c4cd9930,0x00000006cab80000)
 Metaspace       used 48320K, capacity 50796K, committed 50944K, reserved 1093632K
  class space    used 6349K, capacity 6820K, committed 6912K, reserved 1048576K
Event: 12.849 GC heap after
Heap after GC invocations=12 (full 2):
 PSYoungGen      total 523776K, used 13305K [0x000000076be00000, 0x000000078df00000, 0x00000007c0000000)
  eden space 504320K, 0% used [0x000000076be00000,0x000000076be00000,0x000000078aa80000)
  from space 19456K, 68% used [0x000000078bd80000,0x000000078ca7e5b8,0x000000078d080000)
  to   space 19456K, 0% used [0x000000078aa80000,0x000000078aa80000,0x000000078bd80000)
 ParOldGen       total 116224K, used 23795K [0x00000006c3a00000, 0x00000006cab80000, 0x000000076be00000)
  object space 116224K, 20% used [0x00000006c3a00000,0x00000006c513ce20,0x00000006cab80000)
 Metaspace       used 48320K, capacity 50796K, committed 50944K, reserved 1093632K
  class space    used 6349K, capacity 6820K, committed 6912K, reserved 1048576K
}
Event: 13.818 GC heap before
{Heap before GC invocations=13 (full 2):
 PSYoungGen      total 523776K, used 517625K [0x000000076be00000, 0x000000078df00000, 0x00000007c0000000)
  eden space 504320K, 100% used [0x000000076be00000,0x000000078aa80000,0x000000078aa80000)
  from space 19456K, 68% used [0x000000078bd80000,0x000000078ca7e5b8,0x000000078d080000)
  to   space 19456K, 0% used [0x000000078aa80000,0x000000078aa80000,0x000000078bd80000)
 ParOldGen       total 116224K, used 23795K [0x00000006c3a00000, 0x00000006cab80000, 0x000000076be00000)
  object space 116224K, 20% used [0x00000006c3a00000,0x00000006c513ce20,0x00000006cab80000)
 Metaspace       used 50463K, capacity 53008K, committed 53120K, reserved 1095680K
  class space    used 6528K, capacity 7024K, committed 7040K, reserved 1048576K
Event: 13.828 GC heap after
Heap after GC invocations=13 (full 2):
 PSYoungGen      total 523776K, used 8890K [0x000000076be00000, 0x000000079a880000, 0x00000007c0000000)
  eden space 504320K, 0% used [0x000000076be00000,0x000000076be00000,0x000000078aa80000)
  from space 19456K, 45% used [0x000000078aa80000,0x000000078b32e8b0,0x000000078bd80000)
  to   space 18944K, 0% used [0x0000000799600000,0x0000000799600000,0x000000079a880000)
 ParOldGen       total 116224K, used 35905K [0x00000006c3a00000, 0x00000006cab80000, 0x000000076be00000)
  object space 116224K, 30% used [0x00000006c3a00000,0x00000006c5d10408,0x00000006cab80000)
 Metaspace       used 50463K, capacity 53008K, committed 53120K, reserved 1095680K
  class space    used 6528K, capacity 7024K, committed 7040K, reserved 1048576K
}
Event: 15.579 GC heap before
{Heap before GC invocations=14 (full 2):
 PSYoungGen      total 523776K, used 339150K [0x000000076be00000, 0x000000079a880000, 0x00000007c0000000)
  eden space 504320K, 65% used [0x000000076be00000,0x0000000780084ff8,0x000000078aa80000)
  from space 19456K, 45% used [0x000000078aa80000,0x000000078b32e8b0,0x000000078bd80000)
  to   space 18944K, 0% used [0x0000000799600000,0x0000000799600000,0x000000079a880000)
 ParOldGen       total 116224K, used 35905K [0x00000006c3a00000, 0x00000006cab80000, 0x000000076be00000)
  object space 116224K, 30% used [0x00000006c3a00000,0x00000006c5d10408,0x00000006cab80000)
 Metaspace       used 56263K, capacity 58998K, committed 59096K, reserved 1101824K
  class space    used 6849K, capacity 7377K, committed 7424K, reserved 1048576K
Event: 15.587 GC heap after
Heap after GC invocations=14 (full 2):
 PSYoungGen      total 724992K, used 8976K [0x000000076be00000, 0x0000000799f00000, 0x00000007c0000000)
  eden space 715776K, 0% used [0x000000076be00000,0x000000076be00000,0x0000000797900000)
  from space 9216K, 97% used [0x0000000799600000,0x0000000799ec42b8,0x0000000799f00000)
  to   space 18432K, 0% used [0x0000000797b00000,0x0000000797b00000,0x0000000798d00000)
 ParOldGen       total 116224K, used 43321K [0x00000006c3a00000, 0x00000006cab80000, 0x000000076be00000)
  object space 116224K, 37% used [0x00000006c3a00000,0x00000006c644e418,0x00000006cab80000)
 Metaspace       used 56263K, capacity 58998K, committed 59096K, reserved 1101824K
  class space    used 6849K, capacity 7377K, committed 7424K, reserved 1048576K
}
Event: 15.587 GC heap before
{Heap before GC invocations=15 (full 3):
 PSYoungGen      total 724992K, used 8976K [0x000000076be00000, 0x0000000799f00000, 0x00000007c0000000)
  eden space 715776K, 0% used [0x000000076be00000,0x000000076be00000,0x0000000797900000)
  from space 9216K, 97% used [0x0000000799600000,0x0000000799ec42b8,0x0000000799f00000)
  to   space 18432K, 0% used [0x0000000797b00000,0x0000000797b00000,0x0000000798d00000)
 ParOldGen       total 116224K, used 43321K [0x00000006c3a00000, 0x00000006cab80000, 0x000000076be00000)
  object space 116224K, 37% used [0x00000006c3a00000,0x00000006c644e418,0x00000006cab80000)
 Metaspace       used 56263K, capacity 58998K, committed 59096K, reserved 1101824K
  class space    used 6849K, capacity 7377K, committed 7424K, reserved 1048576K
Event: 15.750 GC heap after
Heap after GC invocations=15 (full 3):
 PSYoungGen      total 724992K, used 0K [0x000000076be00000, 0x0000000799f00000, 0x00000007c0000000)
  eden space 715776K, 0% used [0x000000076be00000,0x000000076be00000,0x0000000797900000)
  from space 9216K, 0% used [0x0000000799600000,0x0000000799600000,0x0000000799f00000)
  to   space 18432K, 0% used [0x0000000797b00000,0x0000000797b00000,0x0000000798d00000)
 ParOldGen       total 182784K, used 47714K [0x00000006c3a00000, 0x00000006cec80000, 0x000000076be00000)
  object space 182784K, 26% used [0x00000006c3a00000,0x00000006c6898bb8,0x00000006cec80000)
 Metaspace       used 56263K, capacity 58998K, committed 59096K, reserved 1101824K
  class space    used 6849K, capacity 7377K, committed 7424K, reserved 1048576K
}
Event: 156.722 GC heap before
{Heap before GC invocations=16 (full 3):
 PSYoungGen      total 724992K, used 715776K [0x000000076be00000, 0x0000000799f00000, 0x00000007c0000000)
  eden space 715776K, 100% used [0x000000076be00000,0x0000000797900000,0x0000000797900000)
  from space 9216K, 0% used [0x0000000799600000,0x0000000799600000,0x0000000799f00000)
  to   space 18432K, 0% used [0x0000000797b00000,0x0000000797b00000,0x0000000798d00000)
 ParOldGen       total 182784K, used 47714K [0x00000006c3a00000, 0x00000006cec80000, 0x000000076be00000)
  object space 182784K, 26% used [0x00000006c3a00000,0x00000006c6898bb8,0x00000006cec80000)
 Metaspace       used 75730K, capacity 79968K, committed 80088K, reserved 1120256K
  class space    used 9181K, capacity 9937K, committed 9984K, reserved 1048576K
Event: 156.748 GC heap after
Heap after GC invocations=16 (full 3):
 PSYoungGen      total 736256K, used 18422K [0x000000076be00000, 0x00000007a5300000, 0x00000007c0000000)
  eden space 717824K, 0% used [0x000000076be00000,0x000000076be00000,0x0000000797b00000)
  from space 18432K, 99% used [0x0000000797b00000,0x0000000798cfd880,0x0000000798d00000)
  to   space 26624K, 0% used [0x00000007a3900000,0x00000007a3900000,0x00000007a5300000)
 ParOldGen       total 182784K, used 64196K [0x00000006c3a00000, 0x00000006cec80000, 0x000000076be00000)
  object space 182784K, 35% used [0x00000006c3a00000,0x00000006c78b1308,0x00000006cec80000)
 Metaspace       used 75730K, capacity 79968K, committed 80088K, reserved 1120256K
  class space    used 9181K, capacity 9937K, committed 9984K, reserved 1048576K
}

Deoptimization events (0 events):
No events

Classes redefined (1 events):
Event: 818.036 Thread 0x0000025829443800 redefined class name=impl.service.com.cshy.service.UploadServiceImpl, count=1

Internal exceptions (10 events):
Event: 820.541 Thread 0x0000025830d37800 Exception <a 'java/net/SocketTimeoutException': Read timed out> (0x0000000789c68db8) thrown at [C:\jenkins\workspace\8-2-build-windows-x64-cygwin\jdk8u361\3183\hotspot\src\share\vm\prims\jni.cpp, line 737]
Event: 820.541 Thread 0x0000025830d40000 Exception <a 'java/net/SocketTimeoutException': Read timed out> (0x0000000789d296a8) thrown at [C:\jenkins\workspace\8-2-build-windows-x64-cygwin\jdk8u361\3183\hotspot\src\share\vm\prims\jni.cpp, line 737]
Event: 820.548 Thread 0x0000025830d3a800 Exception <a 'java/lang/reflect/InvocationTargetException'> (0x000000078a04c640) thrown at [C:\jenkins\workspace\8-2-build-windows-x64-cygwin\jdk8u361\3183\hotspot\src\share\vm\runtime\reflection.cpp, line 1092]
Event: 820.548 Thread 0x0000025830d40000 Exception <a 'java/lang/reflect/InvocationTargetException'> (0x0000000789d7f118) thrown at [C:\jenkins\workspace\8-2-build-windows-x64-cygwin\jdk8u361\3183\hotspot\src\share\vm\runtime\reflection.cpp, line 1092]
Event: 820.548 Thread 0x0000025830d37800 Exception <a 'java/lang/reflect/InvocationTargetException'> (0x0000000789c9a948) thrown at [C:\jenkins\workspace\8-2-build-windows-x64-cygwin\jdk8u361\3183\hotspot\src\share\vm\runtime\reflection.cpp, line 1092]
Event: 820.548 Thread 0x0000025830d3a800 Exception <a 'java/lang/NullPointerException'> (0x000000078a04d008) thrown at [C:\jenkins\workspace\8-2-build-windows-x64-cygwin\jdk8u361\3183\hotspot\src\share\vm\interpreter\linkResolver.cpp, line 1185]
Event: 820.548 Thread 0x0000025830d37800 Exception <a 'java/lang/NullPointerException'> (0x0000000789c9b310) thrown at [C:\jenkins\workspace\8-2-build-windows-x64-cygwin\jdk8u361\3183\hotspot\src\share\vm\interpreter\linkResolver.cpp, line 1185]
Event: 820.548 Thread 0x0000025830d40000 Exception <a 'java/lang/NullPointerException'> (0x0000000789d7fae0) thrown at [C:\jenkins\workspace\8-2-build-windows-x64-cygwin\jdk8u361\3183\hotspot\src\share\vm\interpreter\linkResolver.cpp, line 1185]
Event: 834.284 Thread 0x0000025830d3f000 Exception <a 'java/lang/reflect/InvocationTargetException'> (0x000000078a373ff0) thrown at [C:\jenkins\workspace\8-2-build-windows-x64-cygwin\jdk8u361\3183\hotspot\src\share\vm\runtime\reflection.cpp, line 1092]
Event: 841.985 Thread 0x0000025830d43800 Exception <a 'java/lang/reflect/InvocationTargetException'> (0x000000078a4e1970) thrown at [C:\jenkins\workspace\8-2-build-windows-x64-cygwin\jdk8u361\3183\hotspot\src\share\vm\runtime\reflection.cpp, line 1092]

Events (10 events):
Event: 858.212 Thread 0x0000025830c44000 DEOPT UNPACKING pc=0x000002580e1b7918 sp=0x0000009959ff9f48 mode 1
Event: 858.212 Thread 0x0000025830c44000 DEOPT PACKING pc=0x000002580f7bee04 sp=0x0000009959ffa2c0
Event: 858.213 Thread 0x0000025830c44000 DEOPT UNPACKING pc=0x000002580e1b7918 sp=0x0000009959ff9ff0 mode 1
Event: 858.318 Executing VM operation: ForceSafepoint
Event: 858.318 Executing VM operation: ForceSafepoint done
Event: 858.333 Executing VM operation: GetOrSetLocal
Event: 858.333 Executing VM operation: GetOrSetLocal done
Event: 858.333 Executing VM operation: GetOrSetLocal
Event: 858.333 Executing VM operation: GetOrSetLocal done
Event: 858.347 Executing VM operation: GetOrSetLocal


Dynamic libraries:
0x00007ff703890000 - 0x00007ff7038d7000 	D:\Tools\jdk1.8\bin\java.exe
0x00007ffaddc70000 - 0x00007ffadde68000 	C:\WINDOWS\SYSTEM32\ntdll.dll
0x00007ffadbfd0000 - 0x00007ffadc08d000 	C:\WINDOWS\System32\KERNEL32.DLL
0x00007ffadb670000 - 0x00007ffadb966000 	C:\WINDOWS\System32\KERNELBASE.dll
0x00007ffadbe10000 - 0x00007ffadbebe000 	C:\WINDOWS\System32\ADVAPI32.dll
0x00007ffadc460000 - 0x00007ffadc4fe000 	C:\WINDOWS\System32\msvcrt.dll
0x00007ffadccd0000 - 0x00007ffadcd6c000 	C:\WINDOWS\System32\sechost.dll
0x00007ffaddb00000 - 0x00007ffaddc26000 	C:\WINDOWS\System32\RPCRT4.dll
0x00007ffadd930000 - 0x00007ffaddace000 	C:\WINDOWS\System32\USER32.dll
0x00007ffadbc50000 - 0x00007ffadbc72000 	C:\WINDOWS\System32\win32u.dll
0x00007ffaddad0000 - 0x00007ffaddafc000 	C:\WINDOWS\System32\GDI32.dll
0x00007ffadb550000 - 0x00007ffadb66a000 	C:\WINDOWS\System32\gdi32full.dll
0x00007ffadbab0000 - 0x00007ffadbb4d000 	C:\WINDOWS\System32\msvcp_win.dll
0x00007ffadbb50000 - 0x00007ffadbc50000 	C:\WINDOWS\System32\ucrtbase.dll
0x00007ffaca620000 - 0x00007ffaca8ba000 	C:\WINDOWS\WinSxS\amd64_microsoft.windows.common-controls_6595b64144ccf1df_6.0.19041.1110_none_60b5254171f9507e\COMCTL32.dll
0x00007ffadcea0000 - 0x00007ffadced0000 	C:\WINDOWS\System32\IMM32.DLL
0x00007ffabc1e0000 - 0x00007ffabc1f5000 	D:\Tools\jdk1.8\jre\bin\vcruntime140.dll
0x00007ffab7370000 - 0x00007ffab740b000 	D:\Tools\jdk1.8\jre\bin\msvcp140.dll
0x0000000063cb0000 - 0x0000000064513000 	D:\Tools\jdk1.8\jre\bin\server\jvm.dll
0x00007ffadc3f0000 - 0x00007ffadc3f8000 	C:\WINDOWS\System32\PSAPI.DLL
0x00007ffa9a030000 - 0x00007ffa9a039000 	C:\WINDOWS\SYSTEM32\WSOCK32.dll
0x00007ffac52e0000 - 0x00007ffac52ea000 	C:\WINDOWS\SYSTEM32\VERSION.dll
0x00007ffacec40000 - 0x00007ffacec67000 	C:\WINDOWS\SYSTEM32\WINMM.dll
0x00007ffadcb30000 - 0x00007ffadcb9b000 	C:\WINDOWS\System32\WS2_32.dll
0x00007ffad9200000 - 0x00007ffad9212000 	C:\WINDOWS\SYSTEM32\kernel.appcore.dll
0x00007ffad7380000 - 0x00007ffad7390000 	D:\Tools\jdk1.8\jre\bin\verify.dll
0x00007ffabaab0000 - 0x00007ffabaadb000 	D:\Tools\jdk1.8\jre\bin\java.dll
0x00007ffab84e0000 - 0x00007ffab8516000 	D:\Tools\jdk1.8\jre\bin\jdwp.dll
0x00007ffad5690000 - 0x00007ffad5699000 	D:\Tools\jdk1.8\jre\bin\npt.dll
0x00007ffab84b0000 - 0x00007ffab84e0000 	D:\Tools\jdk1.8\jre\bin\instrument.dll
0x00007ffabaa90000 - 0x00007ffabaaa8000 	D:\Tools\jdk1.8\jre\bin\zip.dll
0x00007ffadd0c0000 - 0x00007ffadd805000 	C:\WINDOWS\System32\SHELL32.dll
0x00007ffad9400000 - 0x00007ffad9b9b000 	C:\WINDOWS\SYSTEM32\windows.storage.dll
0x00007ffadc090000 - 0x00007ffadc3e4000 	C:\WINDOWS\System32\combase.dll
0x00007ffadad90000 - 0x00007ffadadbe000 	C:\WINDOWS\SYSTEM32\Wldp.dll
0x00007ffadcdf0000 - 0x00007ffadce9d000 	C:\WINDOWS\System32\SHCORE.dll
0x00007ffadbcd0000 - 0x00007ffadbd25000 	C:\WINDOWS\System32\shlwapi.dll
0x00007ffadb280000 - 0x00007ffadb2a5000 	C:\WINDOWS\SYSTEM32\profapi.dll
0x00007ffac4550000 - 0x00007ffac455a000 	D:\Tools\jdk1.8\jre\bin\dt_socket.dll
0x00007ffadaaf0000 - 0x00007ffadab5a000 	C:\WINDOWS\system32\mswsock.dll
0x00007ffad56a0000 - 0x00007ffad56bc000 	D:\Tools\jdk1.8\jre\bin\net.dll
0x00007ffada7d0000 - 0x00007ffada89a000 	C:\WINDOWS\SYSTEM32\DNSAPI.dll
0x00007ffada790000 - 0x00007ffada7cb000 	C:\WINDOWS\SYSTEM32\IPHLPAPI.DLL
0x00007ffadd0b0000 - 0x00007ffadd0b8000 	C:\WINDOWS\System32\NSI.dll
0x00007ffad47b0000 - 0x00007ffad47ba000 	C:\Windows\System32\rasadhlp.dll
0x00007ffad1200000 - 0x00007ffad1282000 	C:\WINDOWS\System32\fwpuclnt.dll
0x00007ffadb3c0000 - 0x00007ffadb3e7000 	C:\WINDOWS\System32\bcrypt.dll
0x00007ffabcbc0000 - 0x00007ffabcbcd000 	D:\Tools\jdk1.8\jre\bin\management.dll
0x00007ffad43f0000 - 0x00007ffad4403000 	D:\Tools\jdk1.8\jre\bin\nio.dll
0x00007ffadacf0000 - 0x00007ffadad08000 	C:\WINDOWS\SYSTEM32\CRYPTSP.dll
0x00007ffada390000 - 0x00007ffada3c4000 	C:\WINDOWS\system32\rsaenh.dll
0x00007ffadb200000 - 0x00007ffadb22e000 	C:\WINDOWS\SYSTEM32\USERENV.dll
0x00007ffadb970000 - 0x00007ffadb9f2000 	C:\WINDOWS\System32\bcryptprimitives.dll
0x00007ffadace0000 - 0x00007ffadacec000 	C:\WINDOWS\SYSTEM32\CRYPTBASE.dll
0x00007ffad3000000 - 0x00007ffad3017000 	C:\WINDOWS\SYSTEM32\dhcpcsvc6.DLL
0x00007ffad3a60000 - 0x00007ffad3a7d000 	C:\WINDOWS\SYSTEM32\dhcpcsvc.DLL
0x00007ffabf300000 - 0x00007ffabf317000 	C:\WINDOWS\system32\napinsp.dll
0x00007ffabbf30000 - 0x00007ffabbf4b000 	C:\WINDOWS\system32\pnrpnsp.dll
0x00007ffad6e90000 - 0x00007ffad6ead000 	C:\WINDOWS\system32\NLAapi.dll
0x00007ffad61f0000 - 0x00007ffad6205000 	C:\WINDOWS\system32\wshbth.dll
0x00007ffabbf50000 - 0x00007ffabbf62000 	C:\WINDOWS\System32\winrnr.dll
0x00007ffaadcb0000 - 0x00007ffaade45000 	D:\Tools\jdk1.8\jre\bin\awt.dll
0x00007ffadca60000 - 0x00007ffadcb2d000 	C:\WINDOWS\System32\OLEAUT32.dll
0x00007ffad8b30000 - 0x00007ffad8bc1000 	C:\WINDOWS\SYSTEM32\apphelp.dll
0x00007ffad8dc0000 - 0x00007ffad8def000 	C:\WINDOWS\system32\DWMAPI.DLL
0x00007ffad8c90000 - 0x00007ffad8d2e000 	C:\WINDOWS\system32\uxtheme.dll
0x00007ffaba830000 - 0x00007ffaba87a000 	D:\Tools\jdk1.8\jre\bin\fontmanager.dll
0x00007ffab7810000 - 0x00007ffab7853000 	D:\Tools\jdk1.8\jre\bin\t2k.dll
0x00007ffad3020000 - 0x00007ffad3044000 	D:\Tools\jdk1.8\jre\bin\sunec.dll
0x00007ffad7360000 - 0x00007ffad736d000 	D:\Tools\jdk1.8\jre\bin\sunmscapi.dll
0x00007ffadb3f0000 - 0x00007ffadb54e000 	C:\WINDOWS\System32\CRYPT32.dll
0x00007ffadae00000 - 0x00007ffadae28000 	C:\WINDOWS\SYSTEM32\ncrypt.dll
0x00007ffadadc0000 - 0x00007ffadadfb000 	C:\WINDOWS\SYSTEM32\NTASN1.dll
0x00007ffad4ac0000 - 0x00007ffad4ca4000 	C:\WINDOWS\SYSTEM32\dbghelp.dll

VM Arguments:
jvm_args: -agentlib:jdwp=transport=dt_socket,address=127.0.0.1:62886,suspend=y,server=n -XX:TieredStopAtLevel=1 -Xverify:none -Dspring.output.ansi.enabled=always -Dcom.sun.management.jmxremote -Dspring.jmx.enabled=true -Dspring.liveBeansView.mbeanDomain -Dspring.application.admin.enabled=true -Dmanagement.endpoints.jmx.exposure.include=* -javaagent:C:\Users\admin\AppData\Local\JetBrains\IntelliJIdea2022.3\captureAgent\debugger-agent.jar -Dfile.encoding=UTF-8 
java_command: com.cshy.admin.CrmebAdminApplication
java_class_path (initial): D:\Tools\jdk1.8\jre\lib\charsets.jar;D:\Tools\jdk1.8\jre\lib\deploy.jar;D:\Tools\jdk1.8\jre\lib\ext\access-bridge-64.jar;D:\Tools\jdk1.8\jre\lib\ext\cldrdata.jar;D:\Tools\jdk1.8\jre\lib\ext\dnsns.jar;D:\Tools\jdk1.8\jre\lib\ext\jaccess.jar;D:\Tools\jdk1.8\jre\lib\ext\jfxrt.jar;D:\Tools\jdk1.8\jre\lib\ext\localedata.jar;D:\Tools\jdk1.8\jre\lib\ext\nashorn.jar;D:\Tools\jdk1.8\jre\lib\ext\sunec.jar;D:\Tools\jdk1.8\jre\lib\ext\sunjce_provider.jar;D:\Tools\jdk1.8\jre\lib\ext\sunmscapi.jar;D:\Tools\jdk1.8\jre\lib\ext\sunpkcs11.jar;D:\Tools\jdk1.8\jre\lib\ext\zipfs.jar;D:\Tools\jdk1.8\jre\lib\javaws.jar;D:\Tools\jdk1.8\jre\lib\jce.jar;D:\Tools\jdk1.8\jre\lib\jfr.jar;D:\Tools\jdk1.8\jre\lib\jfxswt.jar;D:\Tools\jdk1.8\jre\lib\jsse.jar;D:\Tools\jdk1.8\jre\lib\management-agent.jar;D:\Tools\jdk1.8\jre\lib\plugin.jar;D:\Tools\jdk1.8\jre\lib\resources.jar;D:\Tools\jdk1.8\jre\lib\rt.jar;D:\Programs\crmeb_java\crmeb\crmeb-admin\target\classes;D:\Programs\crmeb_java\crmeb\crmeb-service\target\classes;D:\Programs\crmeb_java\crmeb\crmeb-common\target\classes;D:\Tools\apache-maven-3.9.3\repo\javax\servlet\javax.servlet-api\4.0.1\javax.servlet-api-4.0.1.jar;D:\Tools\apache-maven-3.9.3\repo\javax\servlet\jstl\1.2\jstl-1.2.jar;D:\Tools\apache-maven-3.9.3\repo\org\apache\tomcat\embed\tomcat-embed-jasper\9.0.33\tomcat-embed-jasper-9.0.33.jar;D:\Tools\apache-maven-3.9.3\repo\org\apache\tomcat\embed\tomcat-embed-core\9.0.33\tomcat-embed-core-9.0.33.jar;D:\Tools\apache-maven-3.9.3\repo\org\apache\tomcat\tomcat-annotations-api\9.0.33\tomcat-annotations-api-9.0.33.jar;D:\Tools\apache-maven-3.9.3\repo\org\apache\tomcat\embed\tomcat-embed-el\9.0.33\tomcat-embed-el-9.0.33.jar;D:\Tools\apache-maven-3.9.3\repo\org\eclipse\jdt\ecj\3.18.0\ecj-3.18.0.jar;D:\Tools\apache-maven-3.9.3\repo\org\apache\tomcat\tomcat-jsp-api\9.0.33\tomcat-jsp-api-9.0.33.jar;D:\Tools\apache-maven-3.9.3\repo\org\apache\tomcat\tomcat-el-api\9.0.33\tomcat-el-api-9.0.33.jar;D:\Tools\apache-maven-3.9.3\
Launcher Type: SUN_STANDARD

Environment Variables:
JAVA_HOME=D:\Tools\jdk1.8
CLASSPATH=D:\Tools\jdk1.8\lib
PATH=C:\Program Files (x86)\Common Files\Oracle\Java\javapath;C:\WINDOWS\system32;C:\WINDOWS;C:\WINDOWS\System32\Wbem;C:\WINDOWS\System32\WindowsPowerShell\v1.0\;C:\WINDOWS\System32\OpenSSH\;D:\Tools\jdk1.8\bin;D:\Tools\Git\cmd;C:\Program Files\dotnet\;D:\Tools\apache-maven-3.9.3\bin;D:\Tools\XShell\;C:\Users\admin\AppData\Local\Microsoft\WindowsApps;;D:\Software\Microsoft VS Code\bin
USERNAME=admin
OS=Windows_NT
PROCESSOR_IDENTIFIER=Intel64 Family 6 Model 151 Stepping 2, GenuineIntel



---------------  S Y S T E M  ---------------

OS: Windows 10 , 64 bit Build 19041 (10.0.19041.3393)

CPU:total 20 (initial active 20) (10 cores per cpu, 2 threads per core) family 6 model 151 stepping 2, cmov, cx8, fxsr, mmx, sse, sse2, sse3, ssse3, sse4.1, sse4.2, popcnt, avx, avx2, aes, clmul, erms, 3dnowpref, lzcnt, ht, tsc, tscinvbit, bmi1, bmi2, adx

Memory: 4k page, physical 16533572k(3733024k free), swap 27876776k(3731640k free)

vm_info: Java HotSpot(TM) 64-Bit Server VM (25.361-b09) for windows-amd64 JRE (1.8.0_361-b09), built on Jan  9 2023 08:38:53 by "java_re" with MS VC++ 15.9 (VS2017)

time: Sat Oct  7 09:45:06 2023
timezone: Intel64 Family 6 Model 151 Stepping 2, GenuineIntel
elapsed time: 858.360348 seconds (0d 0h 14m 18s)

